TraceSourceApp Error: 1 : Error message.
    Callstack=   at System.Environment.GetStackTrace(Exception e, Boolean needFileInfo)
   at System.Environment.get_StackTrace()
   at System.Diagnostics.TraceEventCache.get_Callstack()
   at System.Diagnostics.TraceListener.WriteFooter(TraceEventCache eventCache)
   at System.Diagnostics.TraceListener.TraceEvent(TraceEventCache eventCache, String source, TraceEventType eventType, Int32 id, String message)
   at System.Diagnostics.TraceSource.TraceEvent(TraceEventType eventType, Int32 id, String message)
   at MuseCommerce.Web.MvcApplication.Application_Start() in d:\Lession\MuseCommerce\MuseCommerce\MuseCommerce.Web\Global.asax.cs:line 20
   at System.RuntimeMethodHandle.InvokeMethod(Object target, Object[] arguments, Signature sig, Boolean constructor)
   at System.Reflection.RuntimeMethodInfo.UnsafeInvokeInternal(Object obj, Object[] parameters, Object[] arguments)
   at System.Reflection.RuntimeMethodInfo.Invoke(Object obj, BindingFlags invokeAttr, Binder binder, Object[] parameters, CultureInfo culture)
   at System.Reflection.MethodBase.Invoke(Object obj, Object[] parameters)
   at System.Web.HttpApplication.InvokeMethodWithAssert(MethodInfo method, Int32 paramCount, Object eventSource, EventArgs eventArgs)
   at System.Web.HttpApplication.ProcessSpecialRequest(HttpContext context, MethodInfo method, Int32 paramCount, Object eventSource, EventArgs eventArgs, HttpSessionState session)
   at System.Web.HttpApplicationFactory.EnsureAppStartCalledForIntegratedMode(HttpContext context, HttpApplication app)
   at System.Web.HttpApplication.RegisterEventSubscriptionsWithIIS(IntPtr appContext, HttpContext context, MethodInfo[] handlers)
   at System.Web.HttpApplication.InitSpecial(HttpApplicationState state, MethodInfo[] handlers, IntPtr appContext, HttpContext context)
   at System.Web.HttpApplicationFactory.GetSpecialApplicationInstance(IntPtr appContext, HttpContext context)
   at System.Web.Hosting.PipelineRuntime.InitializeApplication(IntPtr appContext)
TraceSourceApp Error: 1 : System.Web.HttpException (0x80004005): The controller for path '/Manage/Home' was not found or does not implement IController.
   at System.Web.Mvc.DefaultControllerFactory.GetControllerInstance(RequestContext requestContext, Type controllerType)
   at System.Web.Mvc.DefaultControllerFactory.CreateController(RequestContext requestContext, String controllerName)
   at System.Web.Mvc.MvcHandler.ProcessRequestInit(HttpContextBase httpContext, IController& controller, IControllerFactory& factory)
   at System.Web.Mvc.MvcHandler.BeginProcessRequest(HttpContextBase httpContext, AsyncCallback callback, Object state)
   at System.Web.Mvc.MvcHandler.BeginProcessRequest(HttpContext httpContext, AsyncCallback callback, Object state)
   at System.Web.Mvc.MvcHandler.System.Web.IHttpAsyncHandler.BeginProcessRequest(HttpContext context, AsyncCallback cb, Object extraData)
   at System.Web.HttpApplication.CallHandlerExecutionStep.System.Web.HttpApplication.IExecutionStep.Execute()
   at System.Web.HttpApplication.ExecuteStep(IExecutionStep step, Boolean& completedSynchronously)
    Callstack=   at System.Environment.GetStackTrace(Exception e, Boolean needFileInfo)
   at System.Environment.get_StackTrace()
   at System.Diagnostics.TraceEventCache.get_Callstack()
   at System.Diagnostics.TraceListener.WriteFooter(TraceEventCache eventCache)
   at System.Diagnostics.TraceListener.TraceEvent(TraceEventCache eventCache, String source, TraceEventType eventType, Int32 id, String message)
   at System.Diagnostics.TraceSource.TraceEvent(TraceEventType eventType, Int32 id, String message)
   at MuseCommerce.Web.MvcApplication.Application_Error(Object sender, EventArgs e) in d:\Lession\MuseCommerce\MuseCommerce\MuseCommerce.Web\Global.asax.cs:line 56
   at System.EventHandler.Invoke(Object sender, EventArgs e)
   at System.Web.HttpApplication.RaiseOnError()
   at System.Web.HttpApplication.RecordError(Exception error)
   at System.Web.HttpApplication.PipelineStepManager.ResumeSteps(Exception